<?xml version="1.0" encoding="UTF-8"?>
<!-- Generated by org.testng.reporters.JUnitReportReporter -->
<testsuite hostname="LENOVO-YOGA" failures="0" tests="1" name="com.framework.testcases.test" time="2.055" errors="0" timestamp="2022-12-24T12:16:10 IST" skipped="0">
  <testcase classname="com.framework.testcases.test" name="loginpage2" time="2.055"/>
  <system-out/>
</testsuite> <!-- com.framework.testcases.test -->
