<?xml version="1.0" encoding="UTF-8"?>
<!-- Generated by org.testng.reporters.JUnitReportReporter -->
<testsuite hostname="LENOVO-YOGA" failures="0" tests="1" name="com.framework.testcases.LoginToCRM" time="7.633" errors="0" timestamp="2022-12-24T09:59:44 IST" skipped="0">
  <testcase classname="com.framework.testcases.LoginToCRM" name="loginPage" time="7.633"/>
  <system-out/>
</testsuite> <!-- com.framework.testcases.LoginToCRM -->
